wandb: Currently logged in as: jinyi12 (jyyresearch) to https://api.wandb.ai. Use `wandb login --relogin` to force relogin
wandb: Using wandb-core as the SDK backend.  Please refer to https://wandb.me/wandb-core for more information.
wandb: Tracking run with wandb version 0.19.5
wandb: Run data is saved locally in /hpc/dctrl/jy384/MultiscaleBridge/dbfs/wandb/run-20250206_225234-3oc89xg1
wandb: Run `wandb offline` to turn off syncing.
wandb: Syncing run usual-eon-105
wandb: ⭐️ View project at https://wandb.ai/jyyresearch/dbfs
wandb: 🚀 View run at https://wandb.ai/jyyresearch/dbfs/runs/3oc89xg1
[22:52:35] {'method': 'DBFS', 'sigma': 1.0, 'iterations': 30, 'training_steps': 
           5000, 'discretization_steps': 30, 'batch_dim': 64, 'learning_rate':  
           0.0001, 'grad_max_norm': 1.0, 'ema_decay': 0.999, 'cache_steps': 250,
           'cache_batch_dim': 2560, 'test_steps': 5000, 'test_batch_dim': 16,   
           'loss_log_steps': 100, 'imge_log_steps': 1000, 'load': False}        
[22:52:36] # param of bwd nn: 20712705                                          
           # param of fwd nn: 20712705                                          
           Training Start from Iteration : 0                                    
           iteration 1: 0                                                       
[23:23:54] test: 5000                                                           
[23:23:55] checkpoint saved: ./checkpoint/grf_10k_256_intOp_scaled.npz          
[23:25:54] mean L2 loss: 1.624508179664612                                      
           High Resolution                                                      
[23:26:01] EMA update: 5000                                                     
           iteration 2: 5000                                                    
           cache update: 5001                                                   
[23:30:22] cache update: 5251                                                   
[23:34:44] cache update: 5501                                                   
[23:39:05] cache update: 5751                                                   
[23:43:27] cache update: 6001                                                   
[23:47:48] cache update: 6251                                                   
[23:52:10] cache update: 6501                                                   
[23:56:31] cache update: 6751                                                   
[00:00:53] cache update: 7001                                                   
[00:05:14] cache update: 7251                                                   
[00:09:35] cache update: 7501                                                   
[00:13:57] cache update: 7751                                                   
[00:18:18] cache update: 8001                                                   
[00:22:40] cache update: 8251                                                   
[00:27:01] cache update: 8501                                                   
[00:31:23] cache update: 8751                                                   
[00:35:44] cache update: 9001                                                   
[00:40:06] cache update: 9251                                                   
[00:44:27] cache update: 9501                                                   
[00:48:49] cache update: 9751                                                   
[00:53:10] test: 10000                                                          
[00:53:11] checkpoint saved: ./checkpoint/grf_10k_256_intOp_scaled.npz          
[00:55:10] mean L2 loss: 0.10814228171110153                                    
           High Resolution                                                      
[00:55:16] EMA update: 10000                                                    
           iteration 3: 10000                                                   
           cache update: 10001                                                  
[00:59:36] cache update: 10251                                                  
[01:03:56] cache update: 10501                                                  
[01:08:16] cache update: 10751                                                  
[01:12:37] cache update: 11001                                                  
[01:16:56] cache update: 11251                                                  
[01:21:16] cache update: 11501                                                  
[01:25:36] cache update: 11751                                                  
[01:29:56] cache update: 12001                                                  
[01:34:16] cache update: 12251                                                  
[01:38:37] cache update: 12501                                                  
[01:42:57] cache update: 12751                                                  
[01:47:17] cache update: 13001                                                  
[01:51:37] cache update: 13251                                                  
[01:55:57] cache update: 13501                                                  
[02:00:17] cache update: 13751                                                  
[02:04:37] cache update: 14001                                                  
[02:08:56] cache update: 14251                                                  
[02:13:16] cache update: 14501                                                  
[02:17:37] cache update: 14751                                                  
[02:21:57] test: 15000                                                          
[02:21:58] checkpoint saved: ./checkpoint/grf_10k_256_intOp_scaled.npz          
[02:23:56] mean L2 loss: 1.8629950666427613                                     
           High Resolution                                                      
[02:24:02] EMA update: 15000                                                    
           iteration 4: 15000                                                   
           cache update: 15001                                                  
[02:28:24] cache update: 15251                                                  
[02:32:45] cache update: 15501                                                  
[02:37:07] cache update: 15751                                                  
[02:41:28] cache update: 16001                                                  
[02:45:50] cache update: 16251                                                  
[02:50:11] cache update: 16501                                                  
[02:54:33] cache update: 16751                                                  
[02:58:54] cache update: 17001                                                  
[03:03:16] cache update: 17251                                                  
[03:07:38] cache update: 17501                                                  
[03:12:00] cache update: 17751                                                  
[03:16:21] cache update: 18001                                                  
[03:20:43] cache update: 18251                                                  
[03:25:04] cache update: 18501                                                  
[03:29:26] cache update: 18751                                                  
[03:33:47] cache update: 19001                                                  
[03:38:09] cache update: 19251                                                  
[03:42:30] cache update: 19501                                                  
[03:46:52] cache update: 19751                                                  
[03:51:14] test: 20000                                                          
           checkpoint saved: ./checkpoint/grf_10k_256_intOp_scaled.npz          
[03:53:13] mean L2 loss: 0.11092040866613388                                    
           High Resolution                                                      
[03:53:19] EMA update: 20000                                                    
           iteration 5: 20000                                                   
           cache update: 20001                                                  
[03:57:39] cache update: 20251                                                  
[04:02:00] cache update: 20501                                                  
[04:06:20] cache update: 20751                                                  
[04:10:40] cache update: 21001                                                  
[04:15:01] cache update: 21251                                                  
[04:19:21] cache update: 21501                                                  
[04:23:41] cache update: 21751                                                  
[04:28:02] cache update: 22001                                                  
[04:32:22] cache update: 22251                                                  
[04:36:42] cache update: 22501                                                  
[04:41:03] cache update: 22751                                                  
[04:45:23] cache update: 23001                                                  
[04:49:43] cache update: 23251                                                  
[04:54:03] cache update: 23501                                                  
[04:58:23] cache update: 23751                                                  
[05:02:43] cache update: 24001                                                  
[05:07:03] cache update: 24251                                                  
[05:11:23] cache update: 24501                                                  
[05:15:43] cache update: 24751                                                  
[05:20:04] test: 25000                                                          
           checkpoint saved: ./checkpoint/grf_10k_256_intOp_scaled.npz          
[05:22:04] mean L2 loss: 1.8563263397216796                                     
           High Resolution                                                      
[05:22:10] EMA update: 25000                                                    
           iteration 6: 25000                                                   
           cache update: 25001                                                  
[05:26:32] cache update: 25251                                                  
[05:30:53] cache update: 25501                                                  
[05:35:15] cache update: 25751                                                  
[05:39:36] cache update: 26001                                                  
[05:43:58] cache update: 26251                                                  
[05:48:19] cache update: 26501                                                  
[05:52:41] cache update: 26751                                                  
[05:57:02] cache update: 27001                                                  
[06:01:24] cache update: 27251                                                  
[06:05:46] cache update: 27501                                                  
[06:10:08] cache update: 27751                                                  
[06:14:30] cache update: 28001                                                  
[06:18:51] cache update: 28251                                                  
[06:23:12] cache update: 28501                                                  
[06:27:34] cache update: 28751                                                  
[06:31:55] cache update: 29001                                                  
[06:36:17] cache update: 29251                                                  
[06:40:39] cache update: 29501                                                  
[06:45:00] cache update: 29751                                                  
[06:49:21] test: 30000                                                          
[06:49:22] checkpoint saved: ./checkpoint/grf_10k_256_intOp_scaled.npz          
[06:51:21] mean L2 loss: 0.11169894617795945                                    
           High Resolution                                                      
[06:51:27] EMA update: 30000                                                    
           iteration 7: 30000                                                   
           cache update: 30001                                                  
[06:55:47] cache update: 30251                                                  
[07:00:07] cache update: 30501                                                  
[07:04:27] cache update: 30751                                                  
[07:08:47] cache update: 31001                                                  
[07:13:07] cache update: 31251                                                  
[07:17:28] cache update: 31501                                                  
[07:21:48] cache update: 31751                                                  
[07:26:08] cache update: 32001                                                  
[07:30:28] cache update: 32251                                                  
[07:34:48] cache update: 32501                                                  
[07:39:08] cache update: 32751                                                  
[07:43:29] cache update: 33001                                                  
[07:47:49] cache update: 33251                                                  
[07:52:09] cache update: 33501                                                  
[07:56:29] cache update: 33751                                                  
[08:00:49] cache update: 34001                                                  
[08:05:09] cache update: 34251                                                  
[08:09:29] cache update: 34501                                                  
[08:13:49] cache update: 34751                                                  
[08:18:10] test: 35000                                                          
           checkpoint saved: ./checkpoint/grf_10k_256_intOp_scaled.npz          
[08:20:10] mean L2 loss: 1.8556458196640016                                     
           High Resolution                                                      
[08:20:16] EMA update: 35000                                                    
           iteration 8: 35000                                                   
           cache update: 35001                                                  
[08:24:38] cache update: 35251                                                  
[08:29:00] cache update: 35501                                                  
[08:33:21] cache update: 35751                                                  
[08:37:43] cache update: 36001                                                  
[08:42:05] cache update: 36251                                                  
[08:46:26] cache update: 36501                                                  
[08:50:48] cache update: 36751                                                  
[08:55:10] cache update: 37001                                                  
[08:59:31] cache update: 37251                                                  
[09:04:12] cache update: 37501                                                  
[09:09:10] cache update: 37751                                                  
[09:14:08] cache update: 38001                                                  
[09:19:06] cache update: 38251                                                  
[09:24:04] cache update: 38501                                                  
[09:29:03] cache update: 38751                                                  
[09:34:01] cache update: 39001                                                  
[09:38:59] cache update: 39251                                                  
[09:43:57] cache update: 39501                                                  
[09:48:56] cache update: 39751                                                  
[09:53:54] test: 40000                                                          
[09:53:55] checkpoint saved: ./checkpoint/grf_10k_256_intOp_scaled.npz          
[09:56:10] mean L2 loss: 0.11210668927431107                                    
           High Resolution                                                      
[09:56:17] EMA update: 40000                                                    
           iteration 9: 40000                                                   
           cache update: 40001                                                  
[10:01:14] cache update: 40251                                                  
[10:06:11] cache update: 40501                                                  
[10:11:08] cache update: 40751                                                  
[10:16:05] cache update: 41001                                                  
[10:21:01] cache update: 41251                                                  
[10:25:58] cache update: 41501                                                  
[10:30:55] cache update: 41751                                                  
[10:35:52] cache update: 42001                                                  
[10:40:49] cache update: 42251                                                  
[10:45:45] cache update: 42501                                                  
[10:50:42] cache update: 42751                                                  
[10:55:38] cache update: 43001                                                  
[11:00:35] cache update: 43251                                                  
[11:05:32] cache update: 43501                                                  
[11:10:28] cache update: 43751                                                  
[11:15:25] cache update: 44001                                                  
[11:20:22] cache update: 44251                                                  
[11:25:19] cache update: 44501                                                  
[11:30:16] cache update: 44751                                                  
[11:35:13] test: 45000                                                          
           checkpoint saved: ./checkpoint/grf_10k_256_intOp_scaled.npz          
[11:37:29] mean L2 loss: 1.8557020864486695                                     
           High Resolution                                                      
[11:37:36] EMA update: 45000                                                    
           iteration 10: 45000                                                  
           cache update: 45001                                                  
[11:42:34] cache update: 45251                                                  
[11:47:33] cache update: 45501                                                  
[11:52:31] cache update: 45751                                                  
[11:57:29] cache update: 46001                                                  
[12:02:28] cache update: 46251                                                  
[12:07:26] cache update: 46501                                                  
[12:12:24] cache update: 46751                                                  
[12:17:23] cache update: 47001                                                  
[12:22:21] cache update: 47251                                                  
[12:27:19] cache update: 47501                                                  
[12:32:17] cache update: 47751                                                  
[12:37:16] cache update: 48001                                                  
[12:42:14] cache update: 48251                                                  
[12:47:12] cache update: 48501                                                  
[12:52:11] cache update: 48751                                                  
[12:57:09] cache update: 49001                                                  
[13:02:07] cache update: 49251                                                  
[13:07:05] cache update: 49501                                                  
[13:12:03] cache update: 49751                                                  
[13:17:02] test: 50000                                                          
[13:17:03] checkpoint saved: ./checkpoint/grf_10k_256_intOp_scaled.npz          
[13:19:18] mean L2 loss: 0.11290969985723495                                    
           High Resolution                                                      
[13:19:25] EMA update: 50000                                                    
           iteration 11: 50000                                                  
           cache update: 50001                                                  
[13:24:22] cache update: 50251                                                  
[13:29:18] cache update: 50501                                                  
[13:34:15] cache update: 50751                                                  
[13:39:12] cache update: 51001                                                  
[13:44:09] cache update: 51251                                                  
[13:49:05] cache update: 51501                                                  
[13:54:02] cache update: 51751                                                  
[13:58:59] cache update: 52001                                                  
[14:03:56] cache update: 52251                                                  
[14:08:52] cache update: 52501                                                  
[14:13:49] cache update: 52751                                                  
[14:18:46] cache update: 53001                                                  
[14:23:43] cache update: 53251                                                  
[14:28:40] cache update: 53501                                                  
[14:33:36] cache update: 53751                                                  
[14:38:33] cache update: 54001                                                  
[14:43:29] cache update: 54251                                                  
[14:48:26] cache update: 54501                                                  
[14:53:22] cache update: 54751                                                  
[14:58:19] test: 55000                                                          
[14:58:20] checkpoint saved: ./checkpoint/grf_10k_256_intOp_scaled.npz          
[15:00:35] mean L2 loss: 1.8662835817337036                                     
           High Resolution                                                      
[15:00:43] EMA update: 55000                                                    
           iteration 12: 55000                                                  
           cache update: 55001                                                  
[15:05:41] cache update: 55251                                                  
[15:10:38] cache update: 55501                                                  
[15:15:37] cache update: 55751                                                  
[15:20:35] cache update: 56001                                                  
[15:25:33] cache update: 56251                                                  
[15:30:31] cache update: 56501                                                  
[15:35:29] cache update: 56751                                                  
[15:40:27] cache update: 57001                                                  
[15:45:25] cache update: 57251                                                  
[15:50:23] cache update: 57501                                                  
[15:55:21] cache update: 57751                                                  
[16:00:19] cache update: 58001                                                  
[16:05:17] cache update: 58251                                                  
[16:10:16] cache update: 58501                                                  
[16:15:14] cache update: 58751                                                  
[16:20:12] cache update: 59001                                                  
[16:25:10] cache update: 59251                                                  
[16:30:08] cache update: 59501                                                  
[16:35:06] cache update: 59751                                                  
[16:40:04] test: 60000                                                          
[16:40:05] checkpoint saved: ./checkpoint/grf_10k_256_intOp_scaled.npz          
[16:42:20] mean L2 loss: 0.12290620118379593                                    
           High Resolution                                                      
[16:42:27] EMA update: 60000                                                    
           iteration 13: 60000                                                  
           cache update: 60001                                                  
[16:47:23] cache update: 60251                                                  
[16:52:20] cache update: 60501                                                  
[16:57:17] cache update: 60751                                                  
[17:02:13] cache update: 61001                                                  
[17:07:10] cache update: 61251                                                  
[17:12:06] cache update: 61501                                                  
[17:17:03] cache update: 61751                                                  
[17:21:59] cache update: 62001                                                  
[17:26:56] cache update: 62251                                                  
[17:31:53] cache update: 62501                                                  
[17:36:50] cache update: 62751                                                  
[17:41:47] cache update: 63001                                                  
[17:46:44] cache update: 63251                                                  
[17:51:40] cache update: 63501                                                  
[17:56:37] cache update: 63751                                                  
[18:01:33] cache update: 64001                                                  
[18:06:30] cache update: 64251                                                  
[18:11:27] cache update: 64501                                                  
[18:16:24] cache update: 64751                                                  
[18:21:20] test: 65000                                                          
[18:21:21] checkpoint saved: ./checkpoint/grf_10k_256_intOp_scaled.npz          
[18:23:37] mean L2 loss: 1.8887151708602905                                     
           High Resolution                                                      
[18:23:45] EMA update: 65000                                                    
           iteration 14: 65000                                                  
           cache update: 65001                                                  
[18:28:43] cache update: 65251                                                  
[18:33:41] cache update: 65501                                                  
[18:38:39] cache update: 65751                                                  
[18:43:36] cache update: 66001                                                  
[18:48:34] cache update: 66251                                                  
[18:53:33] cache update: 66501                                                  
[18:58:31] cache update: 66751                                                  
[19:03:29] cache update: 67001                                                  
[19:08:27] cache update: 67251                                                  
[19:13:26] cache update: 67501                                                  
[19:18:24] cache update: 67751                                                  
[19:23:22] cache update: 68001                                                  
[19:28:21] cache update: 68251                                                  
[19:33:19] cache update: 68501                                                  
[19:38:18] cache update: 68751                                                  
[19:43:16] cache update: 69001                                                  
[19:48:15] cache update: 69251                                                  
[19:53:13] cache update: 69501                                                  
[19:58:11] cache update: 69751                                                  
[20:03:09] test: 70000                                                          
[20:03:10] checkpoint saved: ./checkpoint/grf_10k_256_intOp_scaled.npz          
[20:05:25] mean L2 loss: 0.13073894703388214                                    
           High Resolution                                                      
[20:05:32] EMA update: 70000                                                    
           iteration 15: 70000                                                  
           cache update: 70001                                                  
[20:10:29] cache update: 70251                                                  
[20:15:26] cache update: 70501                                                  
[20:20:22] cache update: 70751                                                  
[20:25:20] cache update: 71001                                                  
[20:30:17] cache update: 71251                                                  
[20:35:13] cache update: 71501                                                  
[20:40:10] cache update: 71751                                                  
[20:45:07] cache update: 72001                                                  
[20:50:04] cache update: 72251                                                  
[20:55:01] cache update: 72501                                                  
[20:59:58] cache update: 72751                                                  
[21:04:55] cache update: 73001                                                  
[21:09:52] cache update: 73251                                                  
[21:14:49] cache update: 73501                                                  
[21:19:46] cache update: 73751                                                  
[21:24:44] cache update: 74001                                                  
[21:29:40] cache update: 74251                                                  
[21:34:37] cache update: 74501                                                  
[21:39:35] cache update: 74751                                                  
[21:44:31] test: 75000                                                          
[21:44:32] checkpoint saved: ./checkpoint/grf_10k_256_intOp_scaled.npz          
[21:46:48] mean L2 loss: 1.911988615989685                                      
           High Resolution                                                      
[21:46:56] EMA update: 75000                                                    
           iteration 16: 75000                                                  
           cache update: 75001                                                  
[21:51:54] cache update: 75251                                                  
[21:56:52] cache update: 75501                                                  
[22:01:51] cache update: 75751                                                  
[22:06:49] cache update: 76001                                                  
[22:11:47] cache update: 76251                                                  
[22:16:46] cache update: 76501                                                  
[22:21:44] cache update: 76751                                                  
[22:26:42] cache update: 77001                                                  
[22:31:41] cache update: 77251                                                  
[22:36:39] cache update: 77501                                                  
[22:41:37] cache update: 77751                                                  
[22:46:35] cache update: 78001                                                  
[22:51:34] cache update: 78251                                                  
[22:56:32] cache update: 78501                                                  
[23:01:30] cache update: 78751                                                  
[23:06:29] cache update: 79001                                                  
[23:11:27] cache update: 79251                                                  
[23:16:26] cache update: 79501                                                  
[23:21:24] cache update: 79751                                                  
[23:26:23] test: 80000                                                          
[23:26:24] checkpoint saved: ./checkpoint/grf_10k_256_intOp_scaled.npz          
[23:28:39] mean L2 loss: 0.14637016332149505                                    
[23:28:40] High Resolution                                                      
[23:28:47] EMA update: 80000                                                    
           iteration 17: 80000                                                  
           cache update: 80001                                                  
[23:33:44] cache update: 80251                                                  
[23:38:41] cache update: 80501                                                  
[23:43:38] cache update: 80751                                                  
[23:48:35] cache update: 81001                                                  
[23:53:32] cache update: 81251                                                  
[23:58:29] cache update: 81501                                                  
[00:03:25] cache update: 81751                                                  
[00:08:23] cache update: 82001                                                  
[00:13:20] cache update: 82251                                                  
[00:18:16] cache update: 82501                                                  
[00:23:13] cache update: 82751                                                  
[00:28:10] cache update: 83001                                                  
[00:33:07] cache update: 83251                                                  
[00:38:04] cache update: 83501                                                  
[00:43:01] cache update: 83751                                                  
[00:47:59] cache update: 84001                                                  
[00:52:56] cache update: 84251                                                  
[00:57:52] cache update: 84501                                                  
[01:02:49] cache update: 84751                                                  
[01:07:46] test: 85000                                                          
[01:07:47] checkpoint saved: ./checkpoint/grf_10k_256_intOp_scaled.npz          
[01:10:04] mean L2 loss: 1.9435658016204833                                     
           High Resolution                                                      
[01:10:11] EMA update: 85000                                                    
           iteration 18: 85000                                                  
           cache update: 85001                                                  
[01:15:09] cache update: 85251                                                  
[01:20:08] cache update: 85501                                                  
[01:25:07] cache update: 85751                                                  
[01:30:05] cache update: 86001                                                  
[01:35:03] cache update: 86251                                                  
[01:40:02] cache update: 86501                                                  
[01:45:00] cache update: 86751                                                  
[01:49:58] cache update: 87001                                                  
[01:54:57] cache update: 87251                                                  
[01:59:55] cache update: 87501                                                  
[02:04:53] cache update: 87751                                                  
[02:09:52] cache update: 88001                                                  
[02:14:50] cache update: 88251                                                  
[02:19:48] cache update: 88501                                                  
[02:24:47] cache update: 88751                                                  
[02:29:45] cache update: 89001                                                  
[02:34:43] cache update: 89251                                                  
[02:39:42] cache update: 89501                                                  
[02:44:40] cache update: 89751                                                  
[02:49:38] test: 90000                                                          
[02:49:39] checkpoint saved: ./checkpoint/grf_10k_256_intOp_scaled.npz          
[02:51:56] mean L2 loss: 0.15241079092025756                                    
           High Resolution                                                      
[02:52:03] EMA update: 90000                                                    
           iteration 19: 90000                                                  
           cache update: 90001                                                  
[02:57:00] cache update: 90251                                                  
[03:01:57] cache update: 90501                                                  
[03:06:54] cache update: 90751                                                  
[03:11:51] cache update: 91001                                                  
[03:16:48] cache update: 91251                                                  
[03:21:45] cache update: 91501                                                  
[03:26:42] cache update: 91751                                                  
[03:31:39] cache update: 92001                                                  
[03:36:36] cache update: 92251                                                  
[03:41:33] cache update: 92501                                                  
[03:46:30] cache update: 92751                                                  
[03:51:27] cache update: 93001                                                  
[03:56:24] cache update: 93251                                                  
[04:01:21] cache update: 93501                                                  
[04:06:18] cache update: 93751                                                  
[04:11:15] cache update: 94001                                                  
[04:16:12] cache update: 94251                                                  
[04:21:07] cache update: 94501                                                  
[04:26:04] cache update: 94751                                                  
[04:31:01] test: 95000                                                          
[04:31:02] checkpoint saved: ./checkpoint/grf_10k_256_intOp_scaled.npz          
[04:33:19] mean L2 loss: 1.9557419509887695                                     
           High Resolution                                                      
[04:33:27] EMA update: 95000                                                    
           iteration 20: 95000                                                  
           cache update: 95001                                                  
[04:38:25] cache update: 95251                                                  
[04:43:24] cache update: 95501                                                  
[04:48:22] cache update: 95751                                                  
[04:53:20] cache update: 96001                                                  
[04:58:18] cache update: 96251                                                  
[05:03:17] cache update: 96501                                                  
[05:08:15] cache update: 96751                                                  
[05:13:14] cache update: 97001                                                  
[05:18:12] cache update: 97251                                                  
[05:23:11] cache update: 97501                                                  
[05:28:09] cache update: 97751                                                  
[05:33:08] cache update: 98001                                                  
[05:38:06] cache update: 98251                                                  
[05:43:04] cache update: 98501                                                  
[05:48:02] cache update: 98751                                                  
[05:53:01] cache update: 99001                                                  
[05:58:00] cache update: 99251                                                  
[06:02:58] cache update: 99501                                                  
[06:07:57] cache update: 99751                                                  
[06:12:55] test: 100000                                                         
           checkpoint saved: ./checkpoint/grf_10k_256_intOp_scaled.npz          
[06:15:10] mean L2 loss: 0.14928075861930848                                    
[06:15:11] High Resolution                                                      
[06:15:18] EMA update: 100000                                                   
           iteration 21: 100000                                                 
           cache update: 100001                                                 
[06:20:15] cache update: 100251                                                 
[06:25:12] cache update: 100501                                                 
[06:30:09] cache update: 100751                                                 
[06:35:06] cache update: 101001                                                 
[06:40:03] cache update: 101251                                                 
[06:45:00] cache update: 101501                                                 
[06:49:57] cache update: 101751                                                 
[06:54:54] cache update: 102001                                                 
[06:59:51] cache update: 102251                                                 
[07:04:48] cache update: 102501                                                 
[07:09:45] cache update: 102751                                                 
[07:14:41] cache update: 103001                                                 
[07:19:39] cache update: 103251                                                 
[07:24:36] cache update: 103501                                                 
[07:29:32] cache update: 103751                                                 
[07:34:29] cache update: 104001                                                 
[07:39:26] cache update: 104251                                                 
[07:44:23] cache update: 104501                                                 
[07:49:21] cache update: 104751                                                 
[07:54:18] test: 105000                                                         
           checkpoint saved: ./checkpoint/grf_10k_256_intOp_scaled.npz          
[07:56:34] mean L2 loss: 1.943188461303711                                      
           High Resolution                                                      
[07:56:41] EMA update: 105000                                                   
           iteration 22: 105000                                                 
           cache update: 105001                                                 
[08:01:40] cache update: 105251                                                 
[08:06:38] cache update: 105501                                                 
[08:11:36] cache update: 105751                                                 
[08:16:34] cache update: 106001                                                 
[08:21:33] cache update: 106251                                                 
[08:26:31] cache update: 106501                                                 
[08:31:30] cache update: 106751                                                 
[08:36:28] cache update: 107001                                                 
[08:41:26] cache update: 107251                                                 
[08:46:24] cache update: 107501                                                 
[08:51:22] cache update: 107751                                                 
[08:56:20] cache update: 108001                                                 
[09:01:18] cache update: 108251                                                 
[09:06:17] cache update: 108501                                                 
[09:11:15] cache update: 108751                                                 
[09:16:13] cache update: 109001                                                 
[09:21:11] cache update: 109251                                                 
[09:26:09] cache update: 109501                                                 
[09:31:07] cache update: 109751                                                 
[09:36:05] test: 110000                                                         
[09:36:06] checkpoint saved: ./checkpoint/grf_10k_256_intOp_scaled.npz          
[09:38:22] mean L2 loss: 0.15365158069133758                                    
           High Resolution                                                      
[09:38:29] EMA update: 110000                                                   
           iteration 23: 110000                                                 
           cache update: 110001                                                 
[09:43:26] cache update: 110251                                                 
[09:48:23] cache update: 110501                                                 
[09:53:20] cache update: 110751                                                 
[09:58:17] cache update: 111001                                                 
[10:03:14] cache update: 111251                                                 
[10:08:11] cache update: 111501                                                 
[10:13:08] cache update: 111751                                                 
[10:18:05] cache update: 112001                                                 
[10:23:02] cache update: 112251                                                 
[10:27:59] cache update: 112501                                                 
[10:32:56] cache update: 112751                                                 
[10:37:53] cache update: 113001                                                 
[10:42:50] cache update: 113251                                                 
[10:47:47] cache update: 113501                                                 
[10:52:44] cache update: 113751                                                 
[10:57:41] cache update: 114001                                                 
[11:02:38] cache update: 114251                                                 
[11:07:35] cache update: 114501                                                 
[11:12:32] cache update: 114751                                                 
[11:17:29] test: 115000                                                         
[11:17:30] checkpoint saved: ./checkpoint/grf_10k_256_intOp_scaled.npz          
[11:19:47] mean L2 loss: 1.939528995513916                                      
           High Resolution                                                      
[11:19:54] EMA update: 115000                                                   
           iteration 24: 115000                                                 
           cache update: 115001                                                 
[11:24:52] cache update: 115251                                                 
[11:29:50] cache update: 115501                                                 
[11:34:49] cache update: 115751                                                 
[11:39:47] cache update: 116001                                                 
[11:44:45] cache update: 116251                                                 
[11:49:44] cache update: 116501                                                 
[11:54:42] cache update: 116751                                                 
[11:59:40] cache update: 117001                                                 
[12:04:38] cache update: 117251                                                 
[12:09:37] cache update: 117501                                                 
[12:14:35] cache update: 117751                                                 
[12:19:33] cache update: 118001                                                 
[12:24:31] cache update: 118251                                                 
[12:29:29] cache update: 118501                                                 
[12:34:28] cache update: 118751                                                 
[12:39:26] cache update: 119001                                                 
[12:44:24] cache update: 119251                                                 
[12:49:23] cache update: 119501                                                 
[12:54:21] cache update: 119751                                                 
[12:59:19] test: 120000                                                         
[12:59:20] checkpoint saved: ./checkpoint/grf_10k_256_intOp_scaled.npz          
[13:01:35] mean L2 loss: 0.15783484828472139                                    
           High Resolution                                                      
[13:01:43] EMA update: 120000                                                   
           iteration 25: 120000                                                 
           cache update: 120001                                                 
[13:06:40] cache update: 120251                                                 
[13:11:37] cache update: 120501                                                 
[13:16:34] cache update: 120751                                                 
[13:21:31] cache update: 121001                                                 
[13:26:28] cache update: 121251                                                 
[13:31:25] cache update: 121501                                                 
[13:36:22] cache update: 121751                                                 
[13:41:19] cache update: 122001                                                 
[13:46:16] cache update: 122251                                                 
[13:51:13] cache update: 122501                                                 
[13:56:09] cache update: 122751                                                 
[14:01:06] cache update: 123001                                                 
[14:06:03] cache update: 123251                                                 
[14:11:00] cache update: 123501                                                 
[14:15:57] cache update: 123751                                                 
[14:20:54] cache update: 124001                                                 
[14:25:51] cache update: 124251                                                 
[14:30:48] cache update: 124501                                                 
[14:35:45] cache update: 124751                                                 
[14:40:42] test: 125000                                                         
[14:40:43] checkpoint saved: ./checkpoint/grf_10k_256_intOp_scaled.npz          
[14:42:59] mean L2 loss: 1.948090220451355                                      
           High Resolution                                                      
[14:43:06] EMA update: 125000                                                   
           iteration 26: 125000                                                 
           cache update: 125001                                                 
[14:48:04] cache update: 125251                                                 
[14:53:03] cache update: 125501                                                 
[14:58:01] cache update: 125751                                                 
[15:02:59] cache update: 126001                                                 
[15:07:58] cache update: 126251                                                 
[15:12:56] cache update: 126501                                                 
[15:17:54] cache update: 126751                                                 
[15:22:53] cache update: 127001                                                 
[15:27:51] cache update: 127251                                                 
[15:32:49] cache update: 127501                                                 
[15:37:48] cache update: 127751                                                 
[15:42:46] cache update: 128001                                                 
[15:47:44] cache update: 128251                                                 
[15:52:42] cache update: 128501                                                 
[15:57:41] cache update: 128751                                                 
[16:02:39] cache update: 129001                                                 
[16:07:38] cache update: 129251                                                 
[16:12:36] cache update: 129501                                                 
[16:17:34] cache update: 129751                                                 
[16:22:32] test: 130000                                                         
[16:22:33] checkpoint saved: ./checkpoint/grf_10k_256_intOp_scaled.npz          
[16:24:50] mean L2 loss: 0.17341471242904663                                    
           High Resolution                                                      
[16:24:57] EMA update: 130000                                                   
           iteration 27: 130000                                                 
           cache update: 130001                                                 
[16:29:54] cache update: 130251                                                 
[16:34:51] cache update: 130501                                                 
[16:39:48] cache update: 130751                                                 
[16:44:45] cache update: 131001                                                 
[16:49:41] cache update: 131251                                                 
[16:54:38] cache update: 131501                                                 
[16:59:35] cache update: 131751                                                 
[17:04:31] cache update: 132001                                                 
[17:09:28] cache update: 132251                                                 
[17:14:24] cache update: 132501                                                 
[17:19:20] cache update: 132751                                                 
[17:24:17] cache update: 133001                                                 
[17:29:14] cache update: 133251                                                 
[17:34:11] cache update: 133501                                                 
[17:39:08] cache update: 133751                                                 
[17:44:04] cache update: 134001                                                 
[17:49:01] cache update: 134251                                                 
[17:53:58] cache update: 134501                                                 
[17:58:55] cache update: 134751                                                 
[18:03:52] test: 135000                                                         
           checkpoint saved: ./checkpoint/grf_10k_256_intOp_scaled.npz          
[18:06:07] mean L2 loss: 1.968081787109375                                      
[18:06:08] High Resolution                                                      
[18:06:15] EMA update: 135000                                                   
           iteration 28: 135000                                                 
           cache update: 135001                                                 
[18:11:13] cache update: 135251                                                 
[18:16:11] cache update: 135501                                                 
[18:21:09] cache update: 135751                                                 
[18:26:06] cache update: 136001                                                 
[18:31:04] cache update: 136251                                                 
[18:36:02] cache update: 136501                                                 
[18:41:00] cache update: 136751                                                 
[18:45:58] cache update: 137001                                                 
[18:50:56] cache update: 137251                                                 
[18:55:54] cache update: 137501                                                 
[19:00:52] cache update: 137751                                                 
[19:05:50] cache update: 138001                                                 
[19:10:48] cache update: 138251                                                 
[19:15:46] cache update: 138501                                                 
[19:20:44] cache update: 138751                                                 
[19:25:42] cache update: 139001                                                 
[19:30:41] cache update: 139251                                                 
[19:35:38] cache update: 139501                                                 
[19:40:36] cache update: 139751                                                 
[19:45:34] test: 140000                                                         
[19:45:35] checkpoint saved: ./checkpoint/grf_10k_256_intOp_scaled.npz          
[19:47:49] mean L2 loss: 0.1864011526107788                                     
           High Resolution                                                      
[19:47:56] EMA update: 140000                                                   
           iteration 29: 140000                                                 
           cache update: 140001                                                 
[19:52:53] cache update: 140251                                                 
[19:57:50] cache update: 140501                                                 
[20:02:47] cache update: 140751                                                 
[20:07:44] cache update: 141001                                                 
[20:12:41] cache update: 141251                                                 
[20:17:38] cache update: 141501                                                 
[20:22:35] cache update: 141751                                                 
[20:27:32] cache update: 142001                                                 
[20:32:29] cache update: 142251                                                 
[20:37:25] cache update: 142501                                                 
[20:42:23] cache update: 142751                                                 
[20:47:19] cache update: 143001                                                 
[20:52:16] cache update: 143251                                                 
[20:57:13] cache update: 143501                                                 
[21:02:10] cache update: 143751                                                 
[21:07:07] cache update: 144001                                                 
[21:12:04] cache update: 144251                                                 
[21:17:01] cache update: 144501                                                 
[21:21:58] cache update: 144751                                                 
[21:26:55] test: 145000                                                         
[21:26:56] checkpoint saved: ./checkpoint/grf_10k_256_intOp_scaled.npz          
[21:29:12] mean L2 loss: 1.9570725212097169                                     
           High Resolution                                                      
[21:29:19] EMA update: 145000                                                   
           iteration 30: 145000                                                 
           cache update: 145001                                                 
[21:34:17] cache update: 145251                                                 
[21:39:15] cache update: 145501                                                 
[21:44:14] cache update: 145751                                                 
[21:49:12] cache update: 146001                                                 
[21:54:10] cache update: 146251                                                 
[21:59:08] cache update: 146501                                                 
[22:04:06] cache update: 146751                                                 
[22:09:04] cache update: 147001                                                 
[22:14:03] cache update: 147251                                                 
[22:19:01] cache update: 147501                                                 
[22:23:59] cache update: 147751                                                 
[22:28:58] cache update: 148001                                                 
[22:33:56] cache update: 148251                                                 
[22:38:54] cache update: 148501                                                 
[22:43:53] cache update: 148751                                                 
[22:48:51] cache update: 149001                                                 
[22:53:49] cache update: 149251                                                 
[22:58:48] cache update: 149501                                                 
[23:03:46] cache update: 149751                                                 
[23:08:44] test: 150000                                                         
[23:08:45] checkpoint saved: ./checkpoint/grf_10k_256_intOp_scaled.npz          
[23:11:01] mean L2 loss: 0.18091753363609314                                    
           High Resolution                                                      
[23:11:08] EMA update: 150000                                                   
iteration ━━━━━━━━━━━━━━━━━━━━━━━━━━━━━━━━━━━━━━━━ 0:00:00 • 30/30        
step      ━━━━━━━━━━━━━━━━━━━━━━━━━━━━━━━━━━━━━━━━ 0:00:00 • 150000/150000
NAME
    dbfs_grf_256_intOp_optimized.py

SYNOPSIS
    dbfs_grf_256_intOp_optimized.py GROUP | COMMAND | VALUE

GROUPS
    GROUP is one of the following:

     warnings
       Python part of the warnings subsystem.

     os
       OS routines for NT or Posix depending on what system we're on.

     F

     fire
       The Python Fire module.

     np
       NumPy =====

     th
       The torch package contains data structures for multi-dimensional tensors and defines mathematical operations over these tensors. Additionally, it provides many utilities for efficient serialization of Tensors and arbitrary types, and other useful utilities.

     wandb
       Use wandb to track machine learning work.

     datasets

     transforms

     dist

     coarse_normalizer

     fine_normalizer

     transform_coarse
       Composes several transforms together. This transform does not support torchscript. Please, see the note below.

     transform_fine
       Composes several transforms together. This transform does not support torchscript. Please, see the note below.

     tr_data_0
       Dataset for 2D fields (coarse or fine)

     te_data_0
       Subset of a dataset at specified indices.

     tr_data_1
       Dataset for 2D fields (coarse or fine)

     te_data_1
       Subset of a dataset at specified indices.

     Func
       Functional interface.

     upsample_transform
       Composes several transforms together. This transform does not support torchscript. Please, see the note below.

     config

COMMANDS
    COMMAND is one of the following:

     Console
       A high level console interface.

     BarColumn
       Renders a visual progress bar.

     MofNCompleteColumn
       Renders completed count/total, e.g. '  10/1000'.

     Progress
       Renders an auto-updating progress bar(s).

     TextColumn
       A column containing text.

     TimeRemainingColumn
       Renders estimated time remaining.

     DataLoader
       Data loader combines a dataset and a sampler, and provides an iterable over the given dataset.

     Subset
       Subset of a dataset at specified indices.

     Dataset
       An abstract class representing a :class:`Dataset`.

     FrechetInceptionDistance
       Calculate Fréchet inception distance (FID_) which is used to access the quality of generated images.

     make_grid
       Make a grid of images.

     OperatorTransformer
       Base class for all neural network modules.

     dct_2d
       2-dimentional Discrete Cosine Transform, Type II (a.k.a. the DCT) For the meaning of the parameter `norm`, see: https://docs.scipy.org/doc/scipy-0.14.0/reference/generated/scipy.fftpack.dct.html

     idct_2d
       The inverse to 2D DCT-II, which is a scaled Discrete Cosine Transform, Type III Our definition of idct is that idct_2d(dct_2d(x)) == x For the meaning of the parameter `norm`, see: https://docs.scipy.org/doc/scipy-0.14.0/reference/generated/scipy.fftpack.dct.html

     DistributedSampler
       Sampler that restricts data loading to a subset of the dataset.

     DDP
       Implement distributed data parallelism based on ``torch.distributed`` at module level.

     coarsen_field
       Coarsen a field by smoothing and downsampling.

     count_parameters

     a_

     a_2

     v_

     sample_bridge

     dbfs_target

     euler_discretization

     FieldsDataset
       Dataset for 2D fields (coarse or fine)

     InfiniteDataLoader
       Data loader combines a dataset and a sampler, and provides an iterable over the given dataset.

     train_iter

     test_loader

     resample_indices

     image_grid

     ToTensorCustom

     DatasetNormalization

     DatasetDenormalization

     upsample

     init_nn

     EMAHelper

     run

     save_checkpoint

     restore_checkpoint

VALUES
    VALUE is one of the following:

     data_path

     device

     rank

     world_size

     parallel

     DBFS

     rng

     tr_spl_0

     tr_spl_1

     te_spl_0

     te_spl_1
[1;34mwandb[0m: 
[1;34mwandb[0m: 🚀 View run [33musual-eon-105[0m at: [34mhttps://wandb.ai/jyyresearch/dbfs/runs/3oc89xg1[0m
[1;34mwandb[0m: Find logs at: [1;35mwandb/run-20250206_225234-3oc89xg1/logs[0m
